2016-10-11 22:56:52,380 [Worker-14] INFO  o.e.m.c.i.l.LifecycleMappingFactory - Using org.eclipse.m2e.jdt.JarLifecycleMapping lifecycle mapping for MavenProject: org.springframework:gs-rest-service:0.1.0 @ /Users/lucychaves/Documents/SoccerTeamAnalysis/backend/complete/pom.xml.
2016-10-11 22:56:53,709 [Worker-14] INFO  o.e.m.j.i.AbstractJavaProjectConfigurator - Adding source folder /gs-rest-service/src/main/java
2016-10-11 22:56:53,710 [Worker-14] INFO  o.e.m.j.i.AbstractJavaProjectConfigurator - Adding resource folder /gs-rest-service/src/main/resources
2016-10-11 22:56:53,712 [Worker-14] INFO  o.e.m.j.i.AbstractJavaProjectConfigurator - Adding resource folder /gs-rest-service/src/main/resources
2016-10-11 22:56:53,716 [Worker-14] INFO  o.e.m.j.i.AbstractJavaProjectConfigurator - Adding source folder /gs-rest-service/src/test/java
2016-10-11 22:56:53,820 [Worker-14] INFO  o.e.m.c.i.p.ProjectConfigurationManager - Imported and configured 1 project(s) in 6 sec
2016-10-11 22:57:00,638 [Worker-1] INFO  o.e.m.c.i.embedder.EclipseLogger - Using 'UTF-8' encoding to copy filtered resources.
2016-10-11 22:57:00,644 [Worker-1] INFO  o.e.m.c.i.embedder.EclipseLogger - Copying 1 resource
2016-10-11 22:57:00,664 [Worker-1] INFO  o.e.m.c.i.embedder.EclipseLogger - Copying 25 resources
2016-10-11 22:57:00,689 [Worker-1] INFO  o.e.m.c.i.embedder.EclipseLogger - Using 'UTF-8' encoding to copy filtered resources.
2016-10-11 22:57:00,690 [Worker-1] INFO  o.e.m.c.i.embedder.EclipseLogger - skip non existing resourceDirectory /Users/lucychaves/Documents/SoccerTeamAnalysis/backend/complete/src/test/resources
2016-10-11 22:57:21,606 [Worker-8] INFO  o.e.m.c.i.embedder.EclipseLogger - Using 'UTF-8' encoding to copy filtered resources.
2016-10-11 22:57:21,617 [Worker-8] INFO  o.e.m.c.i.embedder.EclipseLogger - Copying 1 resource
2016-10-11 22:57:21,620 [Worker-8] INFO  o.e.m.c.i.embedder.EclipseLogger - Copying 25 resources
2016-10-11 22:57:21,625 [Worker-8] INFO  o.e.m.c.i.embedder.EclipseLogger - Using 'UTF-8' encoding to copy filtered resources.
2016-10-11 22:57:21,625 [Worker-8] INFO  o.e.m.c.i.embedder.EclipseLogger - skip non existing resourceDirectory /Users/lucychaves/Documents/SoccerTeamAnalysis/backend/complete/src/test/resources
2016-10-11 22:57:35,828 [Worker-4] INFO  o.e.m.c.i.embedder.EclipseLogger - Using 'UTF-8' encoding to copy filtered resources.
2016-10-11 22:57:35,829 [Worker-4] INFO  o.e.m.c.i.embedder.EclipseLogger - Copying 1 resource
2016-10-11 22:57:35,832 [Worker-4] INFO  o.e.m.c.i.embedder.EclipseLogger - Copying 25 resources
2016-10-11 22:57:35,836 [Worker-4] INFO  o.e.m.c.i.embedder.EclipseLogger - Using 'UTF-8' encoding to copy filtered resources.
2016-10-11 22:57:35,836 [Worker-4] INFO  o.e.m.c.i.embedder.EclipseLogger - skip non existing resourceDirectory /Users/lucychaves/Documents/SoccerTeamAnalysis/backend/complete/src/test/resources
2016-10-11 22:57:45,076 [main] INFO  c.g.t.t.d.PublishedGradleVersions - Gradle version information cache file is not out-of-date. No remote download required.
2016-10-11 23:02:01,451 [Worker-9] INFO  o.e.m.c.i.embedder.EclipseLogger - Using 'UTF-8' encoding to copy filtered resources.
2016-10-11 23:02:01,454 [Worker-9] INFO  o.e.m.c.i.embedder.EclipseLogger - Copying 1 resource
2016-10-11 23:02:01,457 [Worker-9] INFO  o.e.m.c.i.embedder.EclipseLogger - Copying 25 resources
2016-10-11 23:02:01,464 [Worker-9] INFO  o.e.m.c.i.embedder.EclipseLogger - Using 'UTF-8' encoding to copy filtered resources.
2016-10-11 23:02:01,464 [Worker-9] INFO  o.e.m.c.i.embedder.EclipseLogger - skip non existing resourceDirectory /Users/lucychaves/Documents/SoccerTeamAnalysis/backend/complete/src/test/resources
2016-10-11 23:03:04,757 [Worker-9] INFO  o.e.m.c.i.embedder.EclipseLogger - Using 'UTF-8' encoding to copy filtered resources.
2016-10-11 23:03:04,759 [Worker-9] INFO  o.e.m.c.i.embedder.EclipseLogger - Copying 1 resource
2016-10-11 23:03:04,762 [Worker-9] INFO  o.e.m.c.i.embedder.EclipseLogger - Copying 25 resources
2016-10-11 23:03:04,765 [Worker-9] INFO  o.e.m.c.i.embedder.EclipseLogger - Using 'UTF-8' encoding to copy filtered resources.
2016-10-11 23:03:04,766 [Worker-9] INFO  o.e.m.c.i.embedder.EclipseLogger - skip non existing resourceDirectory /Users/lucychaves/Documents/SoccerTeamAnalysis/backend/complete/src/test/resources
2016-10-11 23:03:15,758 [Worker-16] INFO  o.e.m.c.i.embedder.EclipseLogger - Using 'UTF-8' encoding to copy filtered resources.
2016-10-11 23:03:15,760 [Worker-16] INFO  o.e.m.c.i.embedder.EclipseLogger - Copying 1 resource
2016-10-11 23:03:15,763 [Worker-16] INFO  o.e.m.c.i.embedder.EclipseLogger - Copying 25 resources
2016-10-11 23:03:15,766 [Worker-16] INFO  o.e.m.c.i.embedder.EclipseLogger - Using 'UTF-8' encoding to copy filtered resources.
2016-10-11 23:03:15,767 [Worker-16] INFO  o.e.m.c.i.embedder.EclipseLogger - skip non existing resourceDirectory /Users/lucychaves/Documents/SoccerTeamAnalysis/backend/complete/src/test/resources
2016-10-11 23:04:19,179 [Worker-17] INFO  o.e.m.c.i.embedder.EclipseLogger - Using 'UTF-8' encoding to copy filtered resources.
2016-10-11 23:04:19,181 [Worker-17] INFO  o.e.m.c.i.embedder.EclipseLogger - Copying 1 resource
2016-10-11 23:04:19,183 [Worker-17] INFO  o.e.m.c.i.embedder.EclipseLogger - Copying 25 resources
2016-10-11 23:04:19,187 [Worker-17] INFO  o.e.m.c.i.embedder.EclipseLogger - Using 'UTF-8' encoding to copy filtered resources.
2016-10-11 23:04:19,187 [Worker-17] INFO  o.e.m.c.i.embedder.EclipseLogger - skip non existing resourceDirectory /Users/lucychaves/Documents/SoccerTeamAnalysis/backend/complete/src/test/resources
2016-10-11 23:09:37,008 [Worker-9] INFO  o.e.m.c.i.embedder.EclipseLogger - Using 'UTF-8' encoding to copy filtered resources.
2016-10-11 23:09:37,011 [Worker-9] INFO  o.e.m.c.i.embedder.EclipseLogger - Copying 1 resource
2016-10-11 23:09:37,013 [Worker-9] INFO  o.e.m.c.i.embedder.EclipseLogger - Copying 25 resources
2016-10-11 23:09:37,018 [Worker-9] INFO  o.e.m.c.i.embedder.EclipseLogger - Using 'UTF-8' encoding to copy filtered resources.
2016-10-11 23:09:37,019 [Worker-9] INFO  o.e.m.c.i.embedder.EclipseLogger - skip non existing resourceDirectory /Users/lucychaves/Documents/SoccerTeamAnalysis/backend/complete/src/test/resources
2016-10-11 23:11:06,740 [Worker-9] INFO  o.e.m.c.i.embedder.EclipseLogger - Using 'UTF-8' encoding to copy filtered resources.
2016-10-11 23:11:06,741 [Worker-9] INFO  o.e.m.c.i.embedder.EclipseLogger - Copying 1 resource
2016-10-11 23:11:06,742 [Worker-9] INFO  o.e.m.c.i.embedder.EclipseLogger - Copying 25 resources
2016-10-11 23:11:06,745 [Worker-9] INFO  o.e.m.c.i.embedder.EclipseLogger - Using 'UTF-8' encoding to copy filtered resources.
2016-10-11 23:11:06,745 [Worker-9] INFO  o.e.m.c.i.embedder.EclipseLogger - skip non existing resourceDirectory /Users/lucychaves/Documents/SoccerTeamAnalysis/backend/complete/src/test/resources
2016-10-11 23:13:52,637 [Worker-25] INFO  o.e.m.c.i.embedder.EclipseLogger - Using 'UTF-8' encoding to copy filtered resources.
2016-10-11 23:13:52,639 [Worker-25] INFO  o.e.m.c.i.embedder.EclipseLogger - Copying 1 resource
2016-10-11 23:13:52,641 [Worker-25] INFO  o.e.m.c.i.embedder.EclipseLogger - Copying 25 resources
2016-10-11 23:13:52,645 [Worker-25] INFO  o.e.m.c.i.embedder.EclipseLogger - Using 'UTF-8' encoding to copy filtered resources.
2016-10-11 23:13:52,645 [Worker-25] INFO  o.e.m.c.i.embedder.EclipseLogger - skip non existing resourceDirectory /Users/lucychaves/Documents/SoccerTeamAnalysis/backend/complete/src/test/resources
2016-10-11 23:15:14,668 [Worker-20] INFO  o.e.m.c.i.embedder.EclipseLogger - Using 'UTF-8' encoding to copy filtered resources.
2016-10-11 23:15:14,669 [Worker-20] INFO  o.e.m.c.i.embedder.EclipseLogger - Copying 1 resource
2016-10-11 23:15:14,671 [Worker-20] INFO  o.e.m.c.i.embedder.EclipseLogger - Copying 25 resources
2016-10-11 23:15:14,675 [Worker-20] INFO  o.e.m.c.i.embedder.EclipseLogger - Using 'UTF-8' encoding to copy filtered resources.
2016-10-11 23:15:14,675 [Worker-20] INFO  o.e.m.c.i.embedder.EclipseLogger - skip non existing resourceDirectory /Users/lucychaves/Documents/SoccerTeamAnalysis/backend/complete/src/test/resources
2016-10-11 23:17:09,826 [Worker-20] INFO  o.e.m.c.i.embedder.EclipseLogger - Using 'UTF-8' encoding to copy filtered resources.
2016-10-11 23:17:09,856 [Worker-20] INFO  o.e.m.c.i.embedder.EclipseLogger - Copying 1 resource
2016-10-11 23:17:09,883 [Worker-20] INFO  o.e.m.c.i.embedder.EclipseLogger - Copying 25 resources
2016-10-11 23:17:09,886 [Worker-20] INFO  o.e.m.c.i.embedder.EclipseLogger - Using 'UTF-8' encoding to copy filtered resources.
2016-10-11 23:17:09,886 [Worker-20] INFO  o.e.m.c.i.embedder.EclipseLogger - skip non existing resourceDirectory /Users/lucychaves/Documents/SoccerTeamAnalysis/backend/complete/src/test/resources
2016-10-11 23:20:05,694 [Worker-9] INFO  o.e.m.c.i.embedder.EclipseLogger - Using 'UTF-8' encoding to copy filtered resources.
2016-10-11 23:20:05,720 [Worker-9] INFO  o.e.m.c.i.embedder.EclipseLogger - Copying 1 resource
2016-10-11 23:20:05,746 [Worker-9] INFO  o.e.m.c.i.embedder.EclipseLogger - Copying 25 resources
2016-10-11 23:20:05,749 [Worker-9] INFO  o.e.m.c.i.embedder.EclipseLogger - Using 'UTF-8' encoding to copy filtered resources.
2016-10-11 23:20:05,749 [Worker-9] INFO  o.e.m.c.i.embedder.EclipseLogger - skip non existing resourceDirectory /Users/lucychaves/Documents/SoccerTeamAnalysis/backend/complete/src/test/resources
2016-10-11 23:20:47,192 [Worker-20] INFO  o.e.m.c.i.embedder.EclipseLogger - Using 'UTF-8' encoding to copy filtered resources.
2016-10-11 23:20:47,193 [Worker-20] INFO  o.e.m.c.i.embedder.EclipseLogger - Copying 1 resource
2016-10-11 23:20:47,194 [Worker-20] INFO  o.e.m.c.i.embedder.EclipseLogger - Copying 25 resources
2016-10-11 23:20:47,197 [Worker-20] INFO  o.e.m.c.i.embedder.EclipseLogger - Using 'UTF-8' encoding to copy filtered resources.
2016-10-11 23:20:47,197 [Worker-20] INFO  o.e.m.c.i.embedder.EclipseLogger - skip non existing resourceDirectory /Users/lucychaves/Documents/SoccerTeamAnalysis/backend/complete/src/test/resources
2016-10-12 00:41:23,425 [Worker-46] INFO  o.e.m.c.i.embedder.EclipseLogger - Using 'UTF-8' encoding to copy filtered resources.
2016-10-12 00:41:23,427 [Worker-46] INFO  o.e.m.c.i.embedder.EclipseLogger - Copying 1 resource
2016-10-12 00:41:23,429 [Worker-46] INFO  o.e.m.c.i.embedder.EclipseLogger - Copying 25 resources
2016-10-12 00:41:23,432 [Worker-46] INFO  o.e.m.c.i.embedder.EclipseLogger - Using 'UTF-8' encoding to copy filtered resources.
2016-10-12 00:41:23,432 [Worker-46] INFO  o.e.m.c.i.embedder.EclipseLogger - skip non existing resourceDirectory /Users/lucychaves/Documents/SoccerTeamAnalysis/backend/complete/src/test/resources
2016-10-12 01:18:23,316 [Worker-50] INFO  o.e.m.c.i.embedder.EclipseLogger - Using 'UTF-8' encoding to copy filtered resources.
2016-10-12 01:18:23,317 [Worker-50] INFO  o.e.m.c.i.embedder.EclipseLogger - Copying 1 resource
2016-10-12 01:18:23,319 [Worker-50] INFO  o.e.m.c.i.embedder.EclipseLogger - Copying 25 resources
2016-10-12 01:18:23,321 [Worker-50] INFO  o.e.m.c.i.embedder.EclipseLogger - Using 'UTF-8' encoding to copy filtered resources.
2016-10-12 01:18:23,322 [Worker-50] INFO  o.e.m.c.i.embedder.EclipseLogger - skip non existing resourceDirectory /Users/lucychaves/Documents/SoccerTeamAnalysis/backend/complete/src/test/resources
2016-10-12 01:20:11,407 [Worker-59] INFO  o.e.m.c.i.embedder.EclipseLogger - Using 'UTF-8' encoding to copy filtered resources.
2016-10-12 01:20:11,408 [Worker-59] INFO  o.e.m.c.i.embedder.EclipseLogger - Copying 1 resource
2016-10-12 01:20:11,409 [Worker-59] INFO  o.e.m.c.i.embedder.EclipseLogger - Copying 25 resources
2016-10-12 01:20:11,411 [Worker-59] INFO  o.e.m.c.i.embedder.EclipseLogger - Using 'UTF-8' encoding to copy filtered resources.
2016-10-12 01:20:11,411 [Worker-59] INFO  o.e.m.c.i.embedder.EclipseLogger - skip non existing resourceDirectory /Users/lucychaves/Documents/SoccerTeamAnalysis/backend/complete/src/test/resources
2016-10-12 01:20:23,471 [Worker-53] INFO  o.e.m.c.i.embedder.EclipseLogger - Using 'UTF-8' encoding to copy filtered resources.
2016-10-12 01:20:23,472 [Worker-53] INFO  o.e.m.c.i.embedder.EclipseLogger - Copying 1 resource
2016-10-12 01:20:23,474 [Worker-53] INFO  o.e.m.c.i.embedder.EclipseLogger - Copying 25 resources
2016-10-12 01:20:23,477 [Worker-53] INFO  o.e.m.c.i.embedder.EclipseLogger - Using 'UTF-8' encoding to copy filtered resources.
2016-10-12 01:20:23,478 [Worker-53] INFO  o.e.m.c.i.embedder.EclipseLogger - skip non existing resourceDirectory /Users/lucychaves/Documents/SoccerTeamAnalysis/backend/complete/src/test/resources
2016-10-12 01:21:28,137 [Worker-58] INFO  o.e.m.c.i.embedder.EclipseLogger - Using 'UTF-8' encoding to copy filtered resources.
2016-10-12 01:21:28,168 [Worker-58] INFO  o.e.m.c.i.embedder.EclipseLogger - Copying 1 resource
2016-10-12 01:21:28,193 [Worker-58] INFO  o.e.m.c.i.embedder.EclipseLogger - Copying 25 resources
2016-10-12 01:21:28,196 [Worker-58] INFO  o.e.m.c.i.embedder.EclipseLogger - Using 'UTF-8' encoding to copy filtered resources.
2016-10-12 01:21:28,196 [Worker-58] INFO  o.e.m.c.i.embedder.EclipseLogger - skip non existing resourceDirectory /Users/lucychaves/Documents/SoccerTeamAnalysis/backend/complete/src/test/resources
2016-10-12 01:31:18,106 [Worker-61] INFO  o.e.m.c.i.embedder.EclipseLogger - Using 'UTF-8' encoding to copy filtered resources.
2016-10-12 01:31:18,135 [Worker-61] INFO  o.e.m.c.i.embedder.EclipseLogger - skip non existing resourceDirectory /Users/lucychaves/Documents/SoccerTeamAnalysis/backend/complete/src/main/resources
2016-10-12 01:31:18,135 [Worker-61] INFO  o.e.m.c.i.embedder.EclipseLogger - skip non existing resourceDirectory /Users/lucychaves/Documents/SoccerTeamAnalysis/backend/complete/src/main/resources
2016-10-12 01:31:18,137 [Worker-61] INFO  o.e.m.c.i.embedder.EclipseLogger - Using 'UTF-8' encoding to copy filtered resources.
2016-10-12 01:31:18,137 [Worker-61] INFO  o.e.m.c.i.embedder.EclipseLogger - skip non existing resourceDirectory /Users/lucychaves/Documents/SoccerTeamAnalysis/backend/complete/src/test/resources
2016-10-12 01:31:19,179 [Worker-63] INFO  o.e.m.c.i.embedder.EclipseLogger - Using 'UTF-8' encoding to copy filtered resources.
2016-10-12 01:31:19,180 [Worker-63] INFO  o.e.m.c.i.embedder.EclipseLogger - skip non existing resourceDirectory /Users/lucychaves/Documents/SoccerTeamAnalysis/backend/complete/src/main/resources
2016-10-12 01:31:19,180 [Worker-63] INFO  o.e.m.c.i.embedder.EclipseLogger - skip non existing resourceDirectory /Users/lucychaves/Documents/SoccerTeamAnalysis/backend/complete/src/main/resources
2016-10-12 01:31:19,185 [Worker-63] INFO  o.e.m.c.i.embedder.EclipseLogger - Using 'UTF-8' encoding to copy filtered resources.
2016-10-12 01:31:19,185 [Worker-63] INFO  o.e.m.c.i.embedder.EclipseLogger - skip non existing resourceDirectory /Users/lucychaves/Documents/SoccerTeamAnalysis/backend/complete/src/test/resources
2016-10-12 02:04:58,699 [main] INFO  c.g.t.t.d.PublishedGradleVersions - Gradle version information cache file is not out-of-date. No remote download required.
2016-10-12 02:08:32,481 [Worker-13] INFO  o.e.m.c.i.l.LifecycleMappingFactory - Using org.eclipse.m2e.jdt.JarLifecycleMapping lifecycle mapping for MavenProject: org.springframework:gs-rest-service:0.1.0 @ /Users/lucychaves/Documents/SoccerTeamAnalysis/Implementation/Source Code/backend/complete/pom.xml.
2016-10-12 02:08:33,603 [Worker-13] INFO  o.e.m.j.i.AbstractJavaProjectConfigurator - Adding source folder /gs-rest-service/src/main/java
2016-10-12 02:08:33,604 [Worker-13] INFO  o.e.m.j.i.AbstractJavaProjectConfigurator - Adding resource folder /gs-rest-service/src/main/resources
2016-10-12 02:08:33,609 [Worker-13] INFO  o.e.m.j.i.AbstractJavaProjectConfigurator - Adding resource folder /gs-rest-service/src/main/resources
2016-10-12 02:08:33,613 [Worker-13] INFO  o.e.m.j.i.AbstractJavaProjectConfigurator - Adding source folder /gs-rest-service/src/test/java
2016-10-12 02:08:33,974 [Worker-13] INFO  o.e.m.c.i.p.ProjectConfigurationManager - Imported and configured 1 project(s) in 4 sec
2016-10-12 02:08:37,696 [Worker-13] INFO  o.e.m.c.i.embedder.EclipseLogger - Using 'UTF-8' encoding to copy filtered resources.
2016-10-12 02:08:37,705 [Worker-13] INFO  o.e.m.c.i.embedder.EclipseLogger - Copying 1 resource
2016-10-12 02:08:37,730 [Worker-13] INFO  o.e.m.c.i.embedder.EclipseLogger - Copying 25 resources
2016-10-12 02:08:37,754 [Worker-13] INFO  o.e.m.c.i.embedder.EclipseLogger - Using 'UTF-8' encoding to copy filtered resources.
2016-10-12 02:08:37,755 [Worker-13] INFO  o.e.m.c.i.embedder.EclipseLogger - skip non existing resourceDirectory /Users/lucychaves/Documents/SoccerTeamAnalysis/Implementation/Source Code/backend/complete/src/test/resources
